[2017-10-17 22:02:59] Executing bootstrap tasks
[2017-10-17 22:02:59] Java(TM) SE Runtime Environment 1.8.0_111-b14
[2017-10-17 22:02:59] Product org.eclipse.products.epp.package.java.oxygen
[2017-10-17 22:02:59] Bundle org.eclipse.oomph.setup 1.8.0.v20170408-0745, build=3059, branch=2161405b80cf99ed791602ba56cdf44084f5ca43
[2017-10-17 22:02:59] Bundle org.eclipse.oomph.setup.core 1.8.0.v20170531-0903, build=3059, branch=2161405b80cf99ed791602ba56cdf44084f5ca43
[2017-10-17 22:02:59] Bundle org.eclipse.oomph.setup.p2 1.8.0.v20170318-0419, build=3059, branch=2161405b80cf99ed791602ba56cdf44084f5ca43
[2017-10-17 22:02:59] Performing P2 Director (Eclipse IDE for Java Developers (Oxygen))
[2017-10-17 22:02:59] Offline = false
[2017-10-17 22:02:59] Mirrors = true
[2017-10-17 22:02:59] Resolving 24 requirements from 3 repositories to /Users/Yuho/Git/Interview/Eclipse.app/Contents/Eclipse
[2017-10-17 22:02:59] Requirement epp.package.java [4.7.0,4.8.0)
[2017-10-17 22:02:59] Requirement org.eclipse.platform.feature.group [4.7.0,4.8.0)
[2017-10-17 22:02:59] Requirement org.eclipse.rcp.feature.group [4.7.0,4.8.0)
[2017-10-17 22:02:59] Requirement org.eclipse.buildship.feature.group
[2017-10-17 22:02:59] Requirement org.eclipse.eclemma.feature.feature.group
[2017-10-17 22:02:59] Requirement org.eclipse.egit.feature.group
[2017-10-17 22:02:59] Requirement org.eclipse.egit.mylyn.feature.group
[2017-10-17 22:02:59] Requirement org.eclipse.jdt.feature.group
[2017-10-17 22:02:59] Requirement org.eclipse.jgit.feature.group
[2017-10-17 22:02:59] Requirement org.eclipse.m2e.feature.feature.group
[2017-10-17 22:02:59] Requirement org.eclipse.m2e.logback.feature.feature.group
[2017-10-17 22:02:59] Requirement org.eclipse.mylyn.bugzilla_feature.feature.group
[2017-10-17 22:02:59] Requirement org.eclipse.mylyn.context_feature.feature.group
[2017-10-17 22:02:59] Requirement org.eclipse.mylyn.git.feature.group
[2017-10-17 22:02:59] Requirement org.eclipse.mylyn.hudson.feature.group
[2017-10-17 22:02:59] Requirement org.eclipse.mylyn.ide_feature.feature.group
[2017-10-17 22:02:59] Requirement org.eclipse.mylyn.java_feature.feature.group
[2017-10-17 22:02:59] Requirement org.eclipse.mylyn.wikitext_feature.feature.group
[2017-10-17 22:02:59] Requirement org.eclipse.mylyn_feature.feature.group
[2017-10-17 22:02:59] Requirement org.eclipse.recommenders.mylyn.rcp.feature.feature.group
[2017-10-17 22:02:59] Requirement org.eclipse.recommenders.rcp.feature.feature.group
[2017-10-17 22:02:59] Requirement org.eclipse.recommenders.snipmatch.rcp.feature.feature.group
[2017-10-17 22:02:59] Requirement org.eclipse.wst.xml_ui.feature.feature.group
[2017-10-17 22:02:59] Requirement org.eclipse.oomph.setup.feature.group
[2017-10-17 22:02:59] Repository http://download.eclipse.org/technology/epp/packages/oxygen
[2017-10-17 22:02:59] Repository http://download.eclipse.org/releases/oxygen
[2017-10-17 22:02:59] Repository http://download.eclipse.org/oomph/updates/milestone/latest
[2017-10-17 22:05:36] 
[2017-10-17 22:05:59] Executing bootstrap tasks
[2017-10-17 22:05:59] Java(TM) SE Runtime Environment 1.8.0_111-b14
[2017-10-17 22:05:59] Product org.eclipse.products.epp.package.java.oxygen
[2017-10-17 22:05:59] Bundle org.eclipse.oomph.setup 1.8.0.v20170408-0745, build=3059, branch=2161405b80cf99ed791602ba56cdf44084f5ca43
[2017-10-17 22:05:59] Bundle org.eclipse.oomph.setup.core 1.8.0.v20170531-0903, build=3059, branch=2161405b80cf99ed791602ba56cdf44084f5ca43
[2017-10-17 22:05:59] Bundle org.eclipse.oomph.setup.p2 1.8.0.v20170318-0419, build=3059, branch=2161405b80cf99ed791602ba56cdf44084f5ca43
[2017-10-17 22:05:59] Performing P2 Director (Eclipse IDE for Java Developers (Oxygen))
[2017-10-17 22:05:59] Offline = false
[2017-10-17 22:05:59] Mirrors = true
[2017-10-17 22:05:59] Resolving 24 requirements from 3 repositories to /Users/Yuho/Git/Interview/Eclipse.app/Contents/Eclipse
[2017-10-17 22:05:59] Requirement epp.package.java [4.7.0,4.8.0)
[2017-10-17 22:05:59] Requirement org.eclipse.platform.feature.group [4.7.0,4.8.0)
[2017-10-17 22:05:59] Requirement org.eclipse.rcp.feature.group [4.7.0,4.8.0)
[2017-10-17 22:05:59] Requirement org.eclipse.buildship.feature.group
[2017-10-17 22:05:59] Requirement org.eclipse.eclemma.feature.feature.group
[2017-10-17 22:05:59] Requirement org.eclipse.egit.feature.group
[2017-10-17 22:05:59] Requirement org.eclipse.egit.mylyn.feature.group
[2017-10-17 22:05:59] Requirement org.eclipse.jdt.feature.group
[2017-10-17 22:05:59] Requirement org.eclipse.jgit.feature.group
[2017-10-17 22:05:59] Requirement org.eclipse.m2e.feature.feature.group
[2017-10-17 22:05:59] Requirement org.eclipse.m2e.logback.feature.feature.group
[2017-10-17 22:05:59] Requirement org.eclipse.mylyn.bugzilla_feature.feature.group
[2017-10-17 22:05:59] Requirement org.eclipse.mylyn.context_feature.feature.group
[2017-10-17 22:05:59] Requirement org.eclipse.mylyn.git.feature.group
[2017-10-17 22:05:59] Requirement org.eclipse.mylyn.hudson.feature.group
[2017-10-17 22:05:59] Requirement org.eclipse.mylyn.ide_feature.feature.group
[2017-10-17 22:05:59] Requirement org.eclipse.mylyn.java_feature.feature.group
[2017-10-17 22:05:59] Requirement org.eclipse.mylyn.wikitext_feature.feature.group
[2017-10-17 22:05:59] Requirement org.eclipse.mylyn_feature.feature.group
[2017-10-17 22:05:59] Requirement org.eclipse.recommenders.mylyn.rcp.feature.feature.group
[2017-10-17 22:05:59] Requirement org.eclipse.recommenders.rcp.feature.feature.group
[2017-10-17 22:05:59] Requirement org.eclipse.recommenders.snipmatch.rcp.feature.feature.group
[2017-10-17 22:05:59] Requirement org.eclipse.wst.xml_ui.feature.feature.group
[2017-10-17 22:05:59] Requirement org.eclipse.oomph.setup.feature.group
[2017-10-17 22:05:59] Repository http://download.eclipse.org/technology/epp/packages/oxygen
[2017-10-17 22:05:59] Repository http://download.eclipse.org/releases/oxygen
[2017-10-17 22:05:59] Repository http://download.eclipse.org/oomph/updates/milestone/latest
[2017-10-17 22:06:15] Calculating requirements and dependencies.
[2017-10-17 22:06:16] Computing prerequisite plan
[2017-10-17 22:07:08] Collecting 1 artifacts from http://download.eclipse.org/technology/epp/packages/oxygen
[2017-10-17 22:07:09] Downloading epp.package.java.executable.cocoa.macosx.x86_64
[2017-10-17 22:07:09] Collected 1 artifacts for http://download.eclipse.org/technology/epp/packages/oxygen in 0.518s
[2017-10-17 22:07:09] Collecting 3 artifacts from http://download.eclipse.org/releases/oxygen
[2017-10-17 22:07:20] Downloading org.eclipse.platform_root
[2017-10-17 22:07:20] Downloading org.eclipse.rcp_root
[2017-10-17 22:07:20] Downloading org.eclipse.platform.ide.executable.cocoa.macosx.x86_64
[2017-10-17 22:07:20] Collected 3 artifacts for http://download.eclipse.org/releases/oxygen in 11.323s
[2017-10-17 22:07:24] Installing a.jre.javase [1.6.0]
[2017-10-17 22:07:24] Installing ch.qos.logback.classic [1.0.7.v20121108-1250]
[2017-10-17 22:07:24] Installing ch.qos.logback.core [1.0.7.v20121108-1250]
[2017-10-17 22:07:24] Installing ch.qos.logback.slf4j [1.0.7.v201505121915]
[2017-10-17 22:07:24] Installing com.google.gson [2.7.0.v20170129-0911]
[2017-10-17 22:07:24] Installing com.google.guava [15.0.0.v201403281430]
[2017-10-17 22:07:24] Installing com.google.inject [3.0.0.v201312141243]
[2017-10-17 22:07:24] Installing com.google.inject.multibindings [3.0.0.v201402270930]
[2017-10-17 22:07:24] Installing com.gradleware.tooling.client [0.19.3.v20170801075239]
[2017-10-17 22:07:24] Installing com.gradleware.tooling.model [0.19.3.v20170801075239]
[2017-10-17 22:07:24] Installing com.gradleware.tooling.utils [0.19.3.v20170801075239]
[2017-10-17 22:07:24] Installing com.ibm.icu [58.2.0.v20170418-1837]
[2017-10-17 22:07:24] Installing com.jcraft.jsch [0.1.54.v20170116-1932]
[2017-10-17 22:07:24] Installing com.mountainminds.eclemma.core [3.0.0.201706140232]
[2017-10-17 22:07:24] Installing com.sun.el [2.2.0.v201303151357]
[2017-10-17 22:07:24] Installing config.a.jre.javase [1.6.0]
[2017-10-17 22:07:24] Installing epp.package.java [4.7.1.20171009-0410]
[2017-10-17 22:07:24] Installing epp.package.java.executable.cocoa.macosx.x86_64 [4.7.1.20171009-0410]
[2017-10-17 22:07:24] Installing epp.package.java.executable.cocoa.macosx.x86_64.eclipse [4.7.1.20171009-0410]
[2017-10-17 22:07:24] Installing javaewah [1.1.6.v20160919-1400]
[2017-10-17 22:07:24] Installing javax.annotation [1.2.0.v201602091430]
[2017-10-17 22:07:24] Installing javax.el [2.2.0.v201303151357]
[2017-10-17 22:07:24] Installing javax.inject [1.0.0.v20091030]
[2017-10-17 22:07:24] Installing javax.servlet [3.1.0.v201410161800]
[2017-10-17 22:07:24] Installing javax.servlet.jsp [2.2.0.v201112011158]
[2017-10-17 22:07:24] Installing javax.xml [1.3.4.v201005080400]
[2017-10-17 22:07:24] Installing org.apache.ant [1.10.1.v20170504-0840]
[2017-10-17 22:07:24] Installing org.apache.batik.css [1.8.0.v20170214-1941]
[2017-10-17 22:07:24] Installing org.apache.batik.util [1.8.0.v20170214-1941]
[2017-10-17 22:07:24] Installing org.apache.batik.util.gui [1.8.0.v20170214-1941]
[2017-10-17 22:07:24] Installing org.apache.commons.codec [1.9.0.v20170208-1614]
[2017-10-17 22:07:24] Installing org.apache.commons.compress [1.6.0.v201310281400]
[2017-10-17 22:07:24] Installing org.apache.commons.httpclient [3.1.0.v201012070820]
[2017-10-17 22:07:24] Installing org.apache.commons.io [2.2.0.v201405211200]
[2017-10-17 22:07:24] Installing org.apache.commons.jxpath [1.3.0.v200911051830]
[2017-10-17 22:07:24] Installing org.apache.commons.lang [2.6.0.v201404270220]
[2017-10-17 22:07:24] Installing org.apache.commons.lang3 [3.1.0.v201403281430]
[2017-10-17 22:07:24] Installing org.apache.commons.logging [1.1.1.v201101211721]
[2017-10-17 22:07:24] Installing org.apache.commons.math [2.1.0.v201105210652]
[2017-10-17 22:07:24] Installing org.apache.commons.pool [1.6.0.v201204271246]
[2017-10-17 22:07:24] Installing org.apache.felix.gogo.command [0.10.0.v201209301215]
[2017-10-17 22:07:24] Installing org.apache.felix.gogo.runtime [0.10.0.v201209301036]
[2017-10-17 22:07:24] Installing org.apache.felix.gogo.shell [0.10.0.v201212101605]
[2017-10-17 22:07:24] Installing org.apache.felix.scr [2.0.10.v20170501-2007]
[2017-10-17 22:07:24] Installing org.apache.httpcomponents.httpclient [4.5.2.v20170210-0925]
[2017-10-17 22:07:24] Installing org.apache.httpcomponents.httpcore [4.4.6.v20170210-0925]
[2017-10-17 22:07:24] Installing org.apache.jasper.glassfish [2.2.2.v201501141630]
[2017-10-17 22:07:24] Installing org.apache.log4j [1.2.15.v201012070815]
[2017-10-17 22:07:24] Installing org.apache.lucene.analyzers-common [6.1.0.v20161115-1612]
[2017-10-17 22:07:24] Installing org.apache.lucene.analyzers-smartcn [6.1.0.v20161115-1612]
[2017-10-17 22:07:24] Installing org.apache.lucene.core [3.5.0.v20120725-1805]
[2017-10-17 22:07:24] Installing org.apache.lucene.misc [6.1.0.v20161115-1612]
[2017-10-17 22:07:24] Installing org.apache.lucene.queryparser [6.1.0.v20161115-1612]
[2017-10-17 22:07:24] Installing org.apache.maven.resolver.api [1.0.3.v20170405-0725]
[2017-10-17 22:07:24] Installing org.apache.maven.resolver.connector.basic [1.0.3.v20170405-0725]
[2017-10-17 22:07:24] Installing org.apache.maven.resolver.impl [1.0.3.v20170405-0725]
[2017-10-17 22:07:24] Installing org.apache.maven.resolver.spi [1.0.3.v20170405-0725]
[2017-10-17 22:07:24] Installing org.apache.maven.resolver.transport.file [1.0.3.v20170405-0725]
[2017-10-17 22:07:24] Installing org.apache.maven.resolver.transport.http [1.0.3.v20170405-0725]
[2017-10-17 22:07:24] Installing org.apache.maven.resolver.util [1.0.3.v20170405-0725]
[2017-10-17 22:07:24] Installing org.apache.solr.client.solrj [3.5.0.v20150506-0844]
[2017-10-17 22:07:24] Installing org.apache.ws.commons.util [1.0.1.v20100518-1140]
[2017-10-17 22:07:24] Installing org.apache.xerces [2.9.0.v201101211617]
[2017-10-17 22:07:24] Installing org.apache.xml.resolver [1.2.0.v201005080400]
[2017-10-17 22:07:24] Installing org.apache.xml.serializer [2.7.1.v201005080400]
[2017-10-17 22:07:24] Installing org.apache.xmlrpc [3.0.0.v20100427-1100]
[2017-10-17 22:07:24] Installing org.apiguardian [1.0.0.v20170910-2246]
[2017-10-17 22:07:24] Installing org.eclipse.aether.maven [3.1.0.v20140706-2237]
[2017-10-17 22:07:24] Installing org.eclipse.ant.core [3.5.0.v20170509-2149]
[2017-10-17 22:07:24] Installing org.eclipse.ant.launching [1.2.0.v20170509-2157]
[2017-10-17 22:07:24] Installing org.eclipse.ant.ui [3.7.0.v20170412-1054]
[2017-10-17 22:07:24] Installing org.eclipse.buildship.branding [2.1.2.v20170807-1324]
[2017-10-17 22:07:24] Installing org.eclipse.buildship.core [2.1.2.v20170807-1324]
[2017-10-17 22:07:24] Installing org.eclipse.buildship.feature.group [2.1.2.v20170807-1324]
[2017-10-17 22:07:24] Installing org.eclipse.buildship.feature.jar [2.1.2.v20170807-1324]
[2017-10-17 22:07:24] Installing org.eclipse.buildship.stsmigration [2.1.2.v20170807-1324]
[2017-10-17 22:07:24] Installing org.eclipse.buildship.ui [2.1.2.v20170807-1324]
[2017-10-17 22:07:24] Installing org.eclipse.compare [3.7.101.v20170724-1603]
[2017-10-17 22:07:24] Installing org.eclipse.compare.core [3.6.100.v20170516-0820]
[2017-10-17 22:07:24] Installing org.eclipse.core.commands [3.9.0.v20170530-1048]
[2017-10-17 22:07:24] Installing org.eclipse.core.contenttype [3.6.0.v20170207-1037]
[2017-10-17 22:07:24] Installing org.eclipse.core.databinding [1.6.100.v20170515-1119]
[2017-10-17 22:07:24] Installing org.eclipse.core.databinding.beans [1.4.0.v20170210-0856]
[2017-10-17 22:07:24] Installing org.eclipse.core.databinding.observable [1.6.100.v20170515-1119]
[2017-10-17 22:07:24] Installing org.eclipse.core.databinding.property [1.6.100.v20170515-1119]
[2017-10-17 22:07:24] Installing org.eclipse.core.expressions [3.6.0.v20170207-1037]
[2017-10-17 22:07:24] Installing org.eclipse.core.externaltools [1.1.0.v20170113-2056]
[2017-10-17 22:07:24] Installing org.eclipse.core.filebuffers [3.6.100.v20170203-1130]
[2017-10-17 22:07:24] Installing org.eclipse.core.filesystem [1.7.0.v20170406-1337]
[2017-10-17 22:07:24] Installing org.eclipse.core.filesystem.macosx [1.3.0.v20140124-1940]
[2017-10-17 22:07:24] Installing org.eclipse.core.jobs [3.9.1.v20170714-0547]
[2017-10-17 22:07:24] Installing org.eclipse.core.net [1.3.100.v20170516-0820]
[2017-10-17 22:07:24] Installing org.eclipse.core.resources [3.12.0.v20170417-1558]
[2017-10-17 22:07:24] Installing org.eclipse.core.runtime [3.13.0.v20170207-1030]
[2017-10-17 22:07:24] Installing org.eclipse.core.variables [3.4.0.v20170113-2056]
[2017-10-17 22:07:24] Installing org.eclipse.debug.core [3.11.0.v20170605-1534]
[2017-10-17 22:07:24] Installing org.eclipse.debug.ui [3.12.50.v20170920-1329]
[2017-10-17 22:07:24] Installing org.eclipse.draw2d [3.10.100.201606061308]
[2017-10-17 22:07:24] Installing org.eclipse.e4.core.commands [0.12.100.v20170513-0428]
[2017-10-17 22:07:24] Installing org.eclipse.e4.core.contexts [1.6.0.v20170322-1144]
[2017-10-17 22:07:24] Installing org.eclipse.e4.core.di [1.6.100.v20170421-1418]
[2017-10-17 22:07:24] Installing org.eclipse.e4.core.di.annotations [1.6.0.v20170119-2002]
[2017-10-17 22:07:24] Installing org.eclipse.e4.core.di.extensions [0.15.0.v20170228-1728]
[2017-10-17 22:07:24] Installing org.eclipse.e4.core.di.extensions.supplier [0.15.0.v20170407-0928]
[2017-10-17 22:07:24] Installing org.eclipse.e4.core.services [2.1.0.v20170407-0928]
[2017-10-17 22:07:24] Installing org.eclipse.e4.emf.xpath [0.2.0.v20160630-0728]
[2017-10-17 22:07:24] Installing org.eclipse.e4.rcp.feature.group [1.6.1.v20170928-1359]
[2017-10-17 22:07:24] Installing org.eclipse.e4.rcp.feature.jar [1.6.1.v20170928-1359]
[2017-10-17 22:07:24] Installing org.eclipse.e4.ui.bindings [0.12.1.v20170823-1632]
[2017-10-17 22:07:24] Installing org.eclipse.e4.ui.css.core [0.12.101.v20170712-1547]
[2017-10-17 22:07:24] Installing org.eclipse.e4.ui.css.swt [0.13.1.v20170808-1940]
[2017-10-17 22:07:24] Installing org.eclipse.e4.ui.css.swt.theme [0.11.0.v20170312-2302]
[2017-10-17 22:07:24] Installing org.eclipse.e4.ui.di [1.2.100.v20170414-1137]
[2017-10-17 22:07:24] Installing org.eclipse.e4.ui.dialogs [1.1.100.v20170104-1425]
[2017-10-17 22:07:24] Installing org.eclipse.e4.ui.model.workbench [2.0.1.v20170713-1800]
[2017-10-17 22:07:24] Installing org.eclipse.e4.ui.services [1.3.0.v20170307-2032]
[2017-10-17 22:07:24] Installing org.eclipse.e4.ui.widgets [1.2.0.v20160630-0736]
[2017-10-17 22:07:24] Installing org.eclipse.e4.ui.workbench [1.5.1.v20170815-1446]
[2017-10-17 22:07:24] Installing org.eclipse.e4.ui.workbench.addons.swt [1.3.1.v20170319-1442]
[2017-10-17 22:07:24] Installing org.eclipse.e4.ui.workbench.renderers.swt [0.14.101.v20170713-1343]
[2017-10-17 22:07:24] Installing org.eclipse.e4.ui.workbench.renderers.swt.cocoa [0.11.300.v20160330-1418]
[2017-10-17 22:07:24] Installing org.eclipse.e4.ui.workbench.swt [0.14.101.v20170710-1119]
[2017-10-17 22:07:24] Installing org.eclipse.e4.ui.workbench3 [0.14.0.v20160630-0740]
[2017-10-17 22:07:24] Installing org.eclipse.ecf [3.8.0.v20170104-0657]
[2017-10-17 22:07:24] Installing org.eclipse.ecf.core.feature.feature.group [1.4.0.v20170516-2248]
[2017-10-17 22:07:24] Installing org.eclipse.ecf.core.feature.feature.jar [1.4.0.v20170516-2248]
[2017-10-17 22:07:24] Installing org.eclipse.ecf.core.ssl.feature.feature.group [1.1.0.v20170110-1317]
[2017-10-17 22:07:24] Installing org.eclipse.ecf.core.ssl.feature.feature.jar [1.1.0.v20170110-1317]
[2017-10-17 22:07:24] Installing org.eclipse.ecf.filetransfer [5.0.0.v20160817-1024]
[2017-10-17 22:07:24] Installing org.eclipse.ecf.filetransfer.feature.feature.group [3.13.8.v20170715-2257]
[2017-10-17 22:07:24] Installing org.eclipse.ecf.filetransfer.feature.feature.jar [3.13.8.v20170715-2257]
[2017-10-17 22:07:24] Installing org.eclipse.ecf.filetransfer.httpclient4.feature.feature.group [3.13.8.v20170715-2257]
[2017-10-17 22:07:24] Installing org.eclipse.ecf.filetransfer.httpclient4.feature.feature.jar [3.13.8.v20170715-2257]
[2017-10-17 22:07:24] Installing org.eclipse.ecf.filetransfer.httpclient4.ssl.feature.feature.group [1.1.0.v20170110-1317]
[2017-10-17 22:07:24] Installing org.eclipse.ecf.filetransfer.httpclient4.ssl.feature.feature.jar [1.1.0.v20170110-1317]
[2017-10-17 22:07:24] Installing org.eclipse.ecf.filetransfer.ssl.feature.feature.group [1.1.0.v20170110-1317]
[2017-10-17 22:07:24] Installing org.eclipse.ecf.filetransfer.ssl.feature.feature.jar [1.1.0.v20170110-1317]
[2017-10-17 22:07:24] Installing org.eclipse.ecf.identity [3.8.0.v20161203-2153]
[2017-10-17 22:07:24] Installing org.eclipse.ecf.provider.filetransfer [3.2.300.v20161203-1840]
[2017-10-17 22:07:24] Installing org.eclipse.ecf.provider.filetransfer.httpclient4 [1.1.200.v20170314-0133]
[2017-10-17 22:07:24] Installing org.eclipse.ecf.provider.filetransfer.httpclient4.ssl [1.1.0.v20160817-1024]
[2017-10-17 22:07:24] Installing org.eclipse.ecf.provider.filetransfer.ssl [1.0.0.v20160817-1024]
[2017-10-17 22:07:24] Installing org.eclipse.ecf.ssl [1.2.0.v20160817-1024]
[2017-10-17 22:07:24] Installing org.eclipse.eclemma.core [3.0.0.201706140232]
[2017-10-17 22:07:24] Installing org.eclipse.eclemma.doc [3.0.0.201706140232]
[2017-10-17 22:07:24] Installing org.eclipse.eclemma.feature.feature.group [3.0.0.201706140232]
[2017-10-17 22:07:24] Installing org.eclipse.eclemma.feature.feature.jar [3.0.0.201706140232]
[2017-10-17 22:07:24] Installing org.eclipse.eclemma.ui [3.0.0.201706140232]
[2017-10-17 22:07:24] Installing org.eclipse.egit [4.8.0.201706111038-r]
[2017-10-17 22:07:24] Installing org.eclipse.egit.core [4.8.0.201706111038-r]
[2017-10-17 22:07:24] Installing org.eclipse.egit.doc [4.8.0.201706111038-r]
[2017-10-17 22:07:24] Installing org.eclipse.egit.feature.group [4.8.0.201706111038-r]
[2017-10-17 22:07:24] Installing org.eclipse.egit.feature.jar [4.8.0.201706111038-r]
[2017-10-17 22:07:24] Installing org.eclipse.egit.mylyn.feature.group [4.8.0.201706111038-r]
[2017-10-17 22:07:24] Installing org.eclipse.egit.mylyn.feature.jar [4.8.0.201706111038-r]
[2017-10-17 22:07:24] Installing org.eclipse.egit.mylyn.ui [4.8.0.201706111038-r]
[2017-10-17 22:07:24] Installing org.eclipse.egit.ui [4.8.0.201706111038-r]
[2017-10-17 22:07:24] Installing org.eclipse.emf.common [2.13.0.v20170609-0707]
[2017-10-17 22:07:24] Installing org.eclipse.emf.common.feature.group [2.13.0.v20170609-0707]
[2017-10-17 22:07:24] Installing org.eclipse.emf.common.feature.jar [2.13.0.v20170609-0707]
[2017-10-17 22:07:24] Installing org.eclipse.emf.common.ui [2.12.0.v20170609-0928]
[2017-10-17 22:07:24] Installing org.eclipse.emf.databinding [1.3.0.v20170609-0928]
[2017-10-17 22:07:24] Installing org.eclipse.emf.ecore [2.13.0.v20170609-0707]
[2017-10-17 22:07:24] Installing org.eclipse.emf.ecore.change [2.11.0.v20170609-0707]
[2017-10-17 22:07:24] Installing org.eclipse.emf.ecore.edit [2.9.0.v20170609-0928]
[2017-10-17 22:07:24] Installing org.eclipse.emf.ecore.feature.group [2.13.0.v20170609-0707]
[2017-10-17 22:07:24] Installing org.eclipse.emf.ecore.feature.jar [2.13.0.v20170609-0707]
[2017-10-17 22:07:24] Installing org.eclipse.emf.ecore.xmi [2.13.0.v20170609-0707]
[2017-10-17 22:07:24] Installing org.eclipse.emf.edit [2.12.0.v20170609-0928]
[2017-10-17 22:07:24] Installing org.eclipse.emf.edit.ui [2.13.0.v20170609-0928]
[2017-10-17 22:07:24] Installing org.eclipse.epp.logging.aeri.core [2.0.6.v20170906-1226]
[2017-10-17 22:07:24] Installing org.eclipse.epp.logging.aeri.feature.feature.group [2.0.6.v20170906-1226]
[2017-10-17 22:07:24] Installing org.eclipse.epp.logging.aeri.feature.feature.jar [2.0.6.v20170906-1226]
[2017-10-17 22:07:24] Installing org.eclipse.epp.logging.aeri.ide [2.0.6.v20170906-1226]
[2017-10-17 22:07:24] Installing org.eclipse.epp.mpc.core [1.6.2.v20170926-1241]
[2017-10-17 22:07:24] Installing org.eclipse.epp.mpc.feature.group [1.6.2.v20171004-2006]
[2017-10-17 22:07:24] Installing org.eclipse.epp.mpc.feature.jar [1.6.2.v20171004-2006]
[2017-10-17 22:07:24] Installing org.eclipse.epp.mpc.help.ui [1.6.2.v20170926-1241]
[2017-10-17 22:07:24] Installing org.eclipse.epp.mpc.ui [1.6.2.v20171004-2006]
[2017-10-17 22:07:24] Installing org.eclipse.epp.package.common [4.7.1.20171005-1200]
[2017-10-17 22:07:24] Installing org.eclipse.epp.package.common.feature.feature.group [4.7.1.20171005-1200]
[2017-10-17 22:07:24] Installing org.eclipse.epp.package.common.feature.feature.jar [4.7.1.20171005-1200]
[2017-10-17 22:07:24] Installing org.eclipse.epp.package.java [4.7.1.20171005-1200]
[2017-10-17 22:07:24] Installing org.eclipse.epp.package.java.feature.feature.group [4.7.1.20171005-1200]
[2017-10-17 22:07:24] Installing org.eclipse.epp.package.java.feature.feature.jar [4.7.1.20171005-1200]
[2017-10-17 22:07:24] Installing org.eclipse.equinox.app [1.3.400.v20150715-1528]
[2017-10-17 22:07:24] Installing org.eclipse.equinox.bidi [1.1.0.v20160728-1031]
[2017-10-17 22:07:24] Installing org.eclipse.equinox.common [3.9.0.v20170207-1454]
[2017-10-17 22:07:24] Installing org.eclipse.equinox.concurrent [1.1.0.v20130327-1442]
[2017-10-17 22:07:24] Installing org.eclipse.equinox.console [1.1.300.v20170512-2111]
[2017-10-17 22:07:24] Installing org.eclipse.equinox.ds [1.5.0.v20170307-1429]
[2017-10-17 22:07:24] Installing org.eclipse.equinox.event [1.4.0.v20170105-1446]
[2017-10-17 22:07:24] Installing org.eclipse.equinox.frameworkadmin [2.0.300.v20160504-1450]
[2017-10-17 22:07:24] Installing org.eclipse.equinox.frameworkadmin.equinox [1.0.800.v20170524-1345]
[2017-10-17 22:07:24] Installing org.eclipse.equinox.http.jetty [3.4.0.v20170503-2025]
[2017-10-17 22:07:24] Installing org.eclipse.equinox.http.registry [1.1.400.v20150715-1528]
[2017-10-17 22:07:24] Installing org.eclipse.equinox.http.servlet [1.4.0.v20170524-1452]
[2017-10-17 22:07:24] Installing org.eclipse.equinox.jsp.jasper [1.0.500.v20150119-1358]
[2017-10-17 22:07:24] Installing org.eclipse.equinox.jsp.jasper.registry [1.0.300.v20130327-1442]
[2017-10-17 22:07:24] Installing org.eclipse.equinox.launcher [1.4.0.v20161219-1356]
[2017-10-17 22:07:24] Installing org.eclipse.equinox.launcher.cocoa.macosx.x86_64 [1.1.550.v20170928-1359]
[2017-10-17 22:07:24] Installing org.eclipse.equinox.p2.artifact.repository [1.1.650.v20170928-1405]
[2017-10-17 22:07:24] Installing org.eclipse.equinox.p2.console [1.0.600.v20170511-1106]
[2017-10-17 22:07:24] Installing org.eclipse.equinox.p2.core [2.4.101.v20170906-1259]
[2017-10-17 22:07:24] Installing org.eclipse.equinox.p2.core.feature.feature.group [1.4.1.v20170928-1405]
[2017-10-17 22:07:24] Installing org.eclipse.equinox.p2.core.feature.feature.jar [1.4.1.v20170928-1405]
[2017-10-17 22:07:24] Installing org.eclipse.equinox.p2.director [2.3.300.v20160504-1450]
[2017-10-17 22:07:24] Installing org.eclipse.equinox.p2.director.app [1.0.500.v20160419-0834]
[2017-10-17 22:07:24] Installing org.eclipse.equinox.p2.directorywatcher [1.1.100.v20150423-1455]
[2017-10-17 22:07:24] Installing org.eclipse.equinox.p2.discovery [1.0.400.v20160504-1450]
[2017-10-17 22:07:24] Installing org.eclipse.equinox.p2.discovery.compatibility [1.0.201.v20170906-1259]
[2017-10-17 22:07:24] Installing org.eclipse.equinox.p2.discovery.feature.feature.group [1.1.1.v20170906-1259]
[2017-10-17 22:07:24] Installing org.eclipse.equinox.p2.discovery.feature.feature.jar [1.1.1.v20170906-1259]
[2017-10-17 22:07:24] Installing org.eclipse.equinox.p2.engine [2.5.0.v20170319-2002]
[2017-10-17 22:07:24] Installing org.eclipse.equinox.p2.extensionlocation [1.2.300.v20160419-0834]
[2017-10-17 22:07:24] Installing org.eclipse.equinox.p2.extras.feature.feature.group [1.3.1.v20170928-1405]
[2017-10-17 22:07:24] Installing org.eclipse.equinox.p2.extras.feature.feature.jar [1.3.1.v20170928-1405]
[2017-10-17 22:07:24] Installing org.eclipse.equinox.p2.garbagecollector [1.0.300.v20160504-1450]
[2017-10-17 22:07:24] Installing org.eclipse.equinox.p2.jarprocessor [1.0.500.v20160504-1450]
[2017-10-17 22:07:24] Installing org.eclipse.equinox.p2.metadata [2.3.200.v20170511-1106]
[2017-10-17 22:07:24] Installing org.eclipse.equinox.p2.metadata.repository [1.2.401.v20170906-1259]
[2017-10-17 22:07:24] Installing org.eclipse.equinox.p2.operations [2.4.300.v20170511-1106]
[2017-10-17 22:07:24] Installing org.eclipse.equinox.p2.publisher [1.4.200.v20170511-1216]
[2017-10-17 22:07:24] Installing org.eclipse.equinox.p2.publisher.eclipse [1.2.201.v20170906-1259]
[2017-10-17 22:07:24] Installing org.eclipse.equinox.p2.rcp.feature.feature.group [1.3.1.v20170928-1405]
[2017-10-17 22:07:24] Installing org.eclipse.equinox.p2.rcp.feature.feature.jar [1.3.1.v20170928-1405]
[2017-10-17 22:07:24] Installing org.eclipse.equinox.p2.reconciler.dropins [1.1.400.v20160504-1450]
[2017-10-17 22:07:24] Installing org.eclipse.equinox.p2.repository [2.3.301.v20170906-1259]
[2017-10-17 22:07:24] Installing org.eclipse.equinox.p2.repository.tools [2.1.400.v20170511-1216]
[2017-10-17 22:07:24] Installing org.eclipse.equinox.p2.touchpoint.eclipse [2.1.501.v20170906-1259]
[2017-10-17 22:07:24] Installing org.eclipse.equinox.p2.touchpoint.natives [1.2.200.v20170511-1216]
[2017-10-17 22:07:24] Installing org.eclipse.equinox.p2.transport.ecf [1.1.300.v20161004-0244]
[2017-10-17 22:07:24] Installing org.eclipse.equinox.p2.ui [2.5.1.v20170906-1259]
[2017-10-17 22:07:24] Installing org.eclipse.equinox.p2.ui.discovery [1.0.300.v20170418-0708]
[2017-10-17 22:07:24] Installing org.eclipse.equinox.p2.ui.importexport [1.1.301.v20170816-1007]
[2017-10-17 22:07:24] Installing org.eclipse.equinox.p2.ui.sdk [1.0.500.v20170511-1216]
[2017-10-17 22:07:24] Installing org.eclipse.equinox.p2.ui.sdk.scheduler [1.3.100.v20170418-0708]
[2017-10-17 22:07:24] Installing org.eclipse.equinox.p2.updatechecker [1.1.400.v20170106-2125]
[2017-10-17 22:07:24] Installing org.eclipse.equinox.p2.updatesite [1.0.601.v20170906-1259]
[2017-10-17 22:07:24] Installing org.eclipse.equinox.p2.user.ui.feature.group [2.3.1.v20170928-1405]
[2017-10-17 22:07:24] Installing org.eclipse.equinox.p2.user.ui.feature.jar [2.3.1.v20170928-1405]
[2017-10-17 22:07:24] Installing org.eclipse.equinox.preferences [3.7.0.v20170126-2132]
[2017-10-17 22:07:24] Installing org.eclipse.equinox.registry [3.7.0.v20170222-1344]
[2017-10-17 22:07:24] Installing org.eclipse.equinox.security [1.2.300.v20170505-1235]
[2017-10-17 22:07:24] Installing org.eclipse.equinox.security.macosx [1.100.200.v20130327-1442]
[2017-10-17 22:07:24] Installing org.eclipse.equinox.security.ui [1.1.400.v20170505-1235]
[2017-10-17 22:07:24] Installing org.eclipse.equinox.simpleconfigurator [1.2.0.v20170110-1705]
[2017-10-17 22:07:24] Installing org.eclipse.equinox.simpleconfigurator.manipulator [2.0.300.v20170515-0721]
[2017-10-17 22:07:24] Installing org.eclipse.equinox.util [1.0.500.v20130404-1337]
[2017-10-17 22:07:24] Installing org.eclipse.gef [3.11.0.201606061308]
[2017-10-17 22:07:24] Installing org.eclipse.help [3.8.1.v20170815-1448]
[2017-10-17 22:07:24] Installing org.eclipse.help.base [4.2.101.v20171009-0410]
[2017-10-17 22:07:24] Installing org.eclipse.help.feature.group [2.2.101.v20171009-0410]
[2017-10-17 22:07:24] Installing org.eclipse.help.feature.jar [2.2.101.v20171009-0410]
[2017-10-17 22:07:24] Installing org.eclipse.help.ui [4.1.0.v20170311-0931]
[2017-10-17 22:07:24] Installing org.eclipse.help.webapp [3.9.1.v20170816-0843]
[2017-10-17 22:07:24] Installing org.eclipse.jdt [3.13.1.v20171009-0410]
[2017-10-17 22:07:24] Installing org.eclipse.jdt.annotation [1.1.100.v20160418-1457]
[2017-10-17 22:07:24] Installing org.eclipse.jdt.apt.core [3.5.50.v20170920-0950]
[2017-10-17 22:07:24] Installing org.eclipse.jdt.apt.pluggable.core [1.2.0.v20170322-1054]
[2017-10-17 22:07:24] Installing org.eclipse.jdt.apt.ui [3.5.0.v20170505-1107]
[2017-10-17 22:07:24] Installing org.eclipse.jdt.compiler.apt [1.3.50.v20170920-0950]
[2017-10-17 22:07:24] Installing org.eclipse.jdt.compiler.tool [1.2.50.v20170920-0950]
[2017-10-17 22:07:24] Installing org.eclipse.jdt.core [3.13.50.v20171007-0855]
[2017-10-17 22:07:24] Installing org.eclipse.jdt.core.manipulation [1.9.50.v20170920-1015]
[2017-10-17 22:07:24] Installing org.eclipse.jdt.debug [3.11.50.v20170920-1717]
[2017-10-17 22:07:24] Installing org.eclipse.jdt.debug.ui [3.8.50.v20170928-1211]
[2017-10-17 22:07:24] Installing org.eclipse.jdt.doc.user [3.13.50.v20171004-1030]
[2017-10-17 22:07:24] Installing org.eclipse.jdt.feature.group [3.13.1.v20171009-0410]
[2017-10-17 22:07:24] Installing org.eclipse.jdt.feature.jar [3.13.1.v20171009-0410]
[2017-10-17 22:07:24] Installing org.eclipse.jdt.junit [3.10.50.v20171004-1157]
[2017-10-17 22:07:24] Installing org.eclipse.jdt.junit.core [3.9.50.v20170927-1941]
[2017-10-17 22:07:24] Installing org.eclipse.jdt.junit.runtime [3.4.650.v20170920-1015]
[2017-10-17 22:07:24] Installing org.eclipse.jdt.junit4.runtime [1.1.650.v20170920-1015]
[2017-10-17 22:07:24] Installing org.eclipse.jdt.junit5.runtime [1.0.0.v20171006-0854]
[2017-10-17 22:07:24] Installing org.eclipse.jdt.launching [3.9.50.v20171009-0349]
[2017-10-17 22:07:24] Installing org.eclipse.jdt.launching.macosx [3.4.0.v20160923-0911]
[2017-10-17 22:07:24] Installing org.eclipse.jdt.launching.ui.macosx [1.2.0.v20160923-0911]
[2017-10-17 22:07:24] Installing org.eclipse.jdt.ui [3.13.50.v20170929-1653]
[2017-10-17 22:07:24] Installing org.eclipse.jem.util [2.1.201.v201707201954]
[2017-10-17 22:07:24] Installing org.eclipse.jetty.continuation [9.4.5.v20170502]
[2017-10-17 22:07:24] Installing org.eclipse.jetty.http [9.4.5.v20170502]
[2017-10-17 22:07:24] Installing org.eclipse.jetty.io [9.4.5.v20170502]
[2017-10-17 22:07:24] Installing org.eclipse.jetty.security [9.4.5.v20170502]
[2017-10-17 22:07:24] Installing org.eclipse.jetty.server [9.4.5.v20170502]
[2017-10-17 22:07:24] Installing org.eclipse.jetty.servlet [9.4.5.v20170502]
[2017-10-17 22:07:24] Installing org.eclipse.jetty.util [9.4.5.v20170502]
[2017-10-17 22:07:24] Installing org.eclipse.jface [3.13.1.v20170810-0135]
[2017-10-17 22:07:24] Installing org.eclipse.jface.databinding [1.8.100.v20170503-1507]
[2017-10-17 22:07:24] Installing org.eclipse.jface.text [3.12.0.v20170523-1043]
[2017-10-17 22:07:24] Installing org.eclipse.jgit [4.8.0.201706111038-r]
[2017-10-17 22:07:24] Installing org.eclipse.jgit.archive [4.8.0.201706111038-r]
[2017-10-17 22:07:24] Installing org.eclipse.jgit.feature.group [4.8.0.201706111038-r]
[2017-10-17 22:07:24] Installing org.eclipse.jgit.feature.jar [4.8.0.201706111038-r]
[2017-10-17 22:07:24] Installing org.eclipse.jsch.core [1.3.0.v20160422-1917]
[2017-10-17 22:07:24] Installing org.eclipse.jsch.ui [1.3.0.v20160323-1650]
[2017-10-17 22:07:24] Installing org.eclipse.ltk.core.refactoring [3.8.0.v20170105-1156]
[2017-10-17 22:07:24] Installing org.eclipse.ltk.ui.refactoring [3.9.0.v20170412-0825]
[2017-10-17 22:07:24] Installing org.eclipse.m2e.archetype.common [1.8.2.20171007-0216]
[2017-10-17 22:07:24] Installing org.eclipse.m2e.core [1.8.2.20171007-0217]
[2017-10-17 22:07:24] Installing org.eclipse.m2e.core.ui [1.8.2.20171007-0217]
[2017-10-17 22:07:24] Installing org.eclipse.m2e.discovery [1.8.2.20171007-0217]
[2017-10-17 22:07:24] Installing org.eclipse.m2e.editor [1.8.2.20171007-0217]
[2017-10-17 22:07:24] Installing org.eclipse.m2e.editor.xml [1.8.2.20171007-0217]
[2017-10-17 22:07:24] Installing org.eclipse.m2e.feature.feature.group [1.8.2.20171007-0217]
[2017-10-17 22:07:24] Installing org.eclipse.m2e.feature.feature.jar [1.8.2.20171007-0217]
[2017-10-17 22:07:24] Installing org.eclipse.m2e.importer [1.8.2.20171007-0217]
[2017-10-17 22:07:24] Installing org.eclipse.m2e.jdt [1.8.2.20171007-0217]
[2017-10-17 22:07:24] Installing org.eclipse.m2e.jdt.ui [1.8.2.20171007-0217]
[2017-10-17 22:07:24] Installing org.eclipse.m2e.launching [1.8.2.20171007-0217]
[2017-10-17 22:07:24] Installing org.eclipse.m2e.lifecyclemapping.defaults [1.8.2.20171007-0217]
[2017-10-17 22:07:24] Installing org.eclipse.m2e.logback.appender [1.8.2.20171007-0217]
[2017-10-17 22:07:24] Installing org.eclipse.m2e.logback.configuration [1.8.2.20171007-0217]
[2017-10-17 22:07:24] Installing org.eclipse.m2e.logback.feature.feature.group [1.8.2.20171007-0217]
[2017-10-17 22:07:24] Installing org.eclipse.m2e.logback.feature.feature.jar [1.8.2.20171007-0217]
[2017-10-17 22:07:24] Installing org.eclipse.m2e.maven.indexer [1.8.2.20171007-0216]
[2017-10-17 22:07:24] Installing org.eclipse.m2e.maven.runtime [1.8.2.20171007-0216]
[2017-10-17 22:07:25] Installing org.eclipse.m2e.maven.runtime.slf4j.simple [1.8.2.20171007-0216]
[2017-10-17 22:07:25] Installing org.eclipse.m2e.model.edit [1.8.2.20171007-0217]
[2017-10-17 22:07:25] Installing org.eclipse.m2e.profiles.core [1.8.2.20171007-0217]
[2017-10-17 22:07:25] Installing org.eclipse.m2e.profiles.ui [1.8.2.20171007-0217]
[2017-10-17 22:07:25] Installing org.eclipse.m2e.refactoring [1.8.2.20171007-0217]
[2017-10-17 22:07:25] Installing org.eclipse.m2e.scm [1.8.2.20171007-0217]
[2017-10-17 22:07:25] Installing org.eclipse.m2e.workspace.cli [0.3.1]
[2017-10-17 22:07:25] Installing org.eclipse.mylyn.bugzilla.core [3.23.1.v20170623-0008]
[2017-10-17 22:07:25] Installing org.eclipse.mylyn.bugzilla.ide [3.23.0.v20170411-2108]
[2017-10-17 22:07:25] Installing org.eclipse.mylyn.bugzilla.ui [3.23.1.v20170623-0008]
[2017-10-17 22:07:25] Installing org.eclipse.mylyn.bugzilla_feature.feature.group [3.23.1.v20170623-0008]
[2017-10-17 22:07:25] Installing org.eclipse.mylyn.bugzilla_feature.feature.jar [3.23.1.v20170623-0008]
[2017-10-17 22:07:25] Installing org.eclipse.mylyn.builds.core [1.15.0.v20170411-2141]
[2017-10-17 22:07:25] Installing org.eclipse.mylyn.builds.feature.group [1.15.0.v20170411-2141]
[2017-10-17 22:07:25] Installing org.eclipse.mylyn.builds.feature.jar [1.15.0.v20170411-2141]
[2017-10-17 22:07:25] Installing org.eclipse.mylyn.builds.ui [1.15.0.v20170411-2141]
[2017-10-17 22:07:25] Installing org.eclipse.mylyn.commons.core [3.23.0.v20170411-1844]
[2017-10-17 22:07:25] Installing org.eclipse.mylyn.commons.feature.group [3.23.0.v20170503-0014]
[2017-10-17 22:07:25] Installing org.eclipse.mylyn.commons.feature.jar [3.23.0.v20170503-0014]
[2017-10-17 22:07:25] Installing org.eclipse.mylyn.commons.identity.core [1.15.0.v20170411-1844]
[2017-10-17 22:07:25] Installing org.eclipse.mylyn.commons.identity.feature.group [1.15.0.v20170411-1844]
[2017-10-17 22:07:25] Installing org.eclipse.mylyn.commons.identity.feature.jar [1.15.0.v20170411-1844]
[2017-10-17 22:07:25] Installing org.eclipse.mylyn.commons.net [3.23.0.v20170411-1844]
[2017-10-17 22:07:25] Installing org.eclipse.mylyn.commons.notifications.core [1.15.0.v20170411-1844]
[2017-10-17 22:07:25] Installing org.eclipse.mylyn.commons.notifications.feature.group [1.15.0.v20170411-1844]
[2017-10-17 22:07:25] Installing org.eclipse.mylyn.commons.notifications.feature.jar [1.15.0.v20170411-1844]
[2017-10-17 22:07:25] Installing org.eclipse.mylyn.commons.notifications.feed [1.15.0.v20170411-1844]
[2017-10-17 22:07:25] Installing org.eclipse.mylyn.commons.notifications.ui [1.15.0.v20170411-1844]
[2017-10-17 22:07:25] Installing org.eclipse.mylyn.commons.repositories.core [1.15.0.v20170411-1844]
[2017-10-17 22:07:25] Installing org.eclipse.mylyn.commons.repositories.feature.group [1.15.0.v20170411-1844]
[2017-10-17 22:07:25] Installing org.eclipse.mylyn.commons.repositories.feature.jar [1.15.0.v20170411-1844]
[2017-10-17 22:07:25] Installing org.eclipse.mylyn.commons.repositories.http.core [1.15.0.v20170411-1844]
[2017-10-17 22:07:25] Installing org.eclipse.mylyn.commons.repositories.http.feature.group [1.15.0.v20170411-1844]
[2017-10-17 22:07:25] Installing org.eclipse.mylyn.commons.repositories.http.feature.jar [1.15.0.v20170411-1844]
[2017-10-17 22:07:25] Installing org.eclipse.mylyn.commons.repositories.ui [1.15.0.v20170411-1844]
[2017-10-17 22:07:25] Installing org.eclipse.mylyn.commons.screenshots [3.23.0.v20170411-1844]
[2017-10-17 22:07:25] Installing org.eclipse.mylyn.commons.ui [3.23.0.v20170411-1844]
[2017-10-17 22:07:25] Installing org.eclipse.mylyn.commons.workbench [3.23.0.v20170503-0014]
[2017-10-17 22:07:25] Installing org.eclipse.mylyn.commons.xmlrpc [3.23.0.v20170411-1844]
[2017-10-17 22:07:25] Installing org.eclipse.mylyn.context.core [3.23.0.v20170411-2108]
[2017-10-17 22:07:25] Installing org.eclipse.mylyn.context.tasks.ui [3.23.0.v20170411-2108]
[2017-10-17 22:07:25] Installing org.eclipse.mylyn.context.ui [3.23.0.v20170414-0629]
[2017-10-17 22:07:25] Installing org.eclipse.mylyn.context_feature.feature.group [3.23.0.v20170414-0629]
[2017-10-17 22:07:25] Installing org.eclipse.mylyn.context_feature.feature.jar [3.23.0.v20170414-0629]
[2017-10-17 22:07:25] Installing org.eclipse.mylyn.debug.ui [3.23.0.v20170411-2108]
[2017-10-17 22:07:25] Installing org.eclipse.mylyn.discovery.core [3.23.0.v20170411-1844]
[2017-10-17 22:07:25] Installing org.eclipse.mylyn.discovery.feature.group [3.23.0.v20170411-1844]
[2017-10-17 22:07:25] Installing org.eclipse.mylyn.discovery.feature.jar [3.23.0.v20170411-1844]
[2017-10-17 22:07:25] Installing org.eclipse.mylyn.discovery.ui [3.23.0.v20170411-1844]
[2017-10-17 22:07:25] Installing org.eclipse.mylyn.git.core [1.15.0.v20170411-2003]
[2017-10-17 22:07:25] Installing org.eclipse.mylyn.git.feature.group [1.15.0.v20170411-2003]
[2017-10-17 22:07:25] Installing org.eclipse.mylyn.git.feature.jar [1.15.0.v20170411-2003]
[2017-10-17 22:07:25] Installing org.eclipse.mylyn.git.ui [1.15.0.v20170411-2003]
[2017-10-17 22:07:25] Installing org.eclipse.mylyn.help.ui [3.23.1.v20170623-0008]
[2017-10-17 22:07:25] Installing org.eclipse.mylyn.hudson.core [1.15.0.v20170411-2141]
[2017-10-17 22:07:25] Installing org.eclipse.mylyn.hudson.feature.group [1.15.0.v20170411-2141]
[2017-10-17 22:07:25] Installing org.eclipse.mylyn.hudson.feature.jar [1.15.0.v20170411-2141]
[2017-10-17 22:07:25] Installing org.eclipse.mylyn.hudson.ui [1.15.0.v20170411-2141]
[2017-10-17 22:07:25] Installing org.eclipse.mylyn.ide.ant [3.23.0.v20170411-2108]
[2017-10-17 22:07:25] Installing org.eclipse.mylyn.ide.ui [3.23.0.v20170411-2108]
[2017-10-17 22:07:25] Installing org.eclipse.mylyn.ide_feature.feature.group [3.23.0.v20170411-2108]
[2017-10-17 22:07:25] Installing org.eclipse.mylyn.ide_feature.feature.jar [3.23.0.v20170411-2108]
[2017-10-17 22:07:25] Installing org.eclipse.mylyn.java.tasks [3.23.0.v20170411-2108]
[2017-10-17 22:07:25] Installing org.eclipse.mylyn.java.ui [3.23.0.v20170411-2108]
[2017-10-17 22:07:25] Installing org.eclipse.mylyn.java_feature.feature.group [3.23.0.v20170411-2108]
[2017-10-17 22:07:25] Installing org.eclipse.mylyn.java_feature.feature.jar [3.23.0.v20170411-2108]
[2017-10-17 22:07:25] Installing org.eclipse.mylyn.monitor.core [3.23.0.v20170411-1844]
[2017-10-17 22:07:25] Installing org.eclipse.mylyn.monitor.feature.group [3.23.0.v20170411-1844]
[2017-10-17 22:07:25] Installing org.eclipse.mylyn.monitor.feature.jar [3.23.0.v20170411-1844]
[2017-10-17 22:07:25] Installing org.eclipse.mylyn.monitor.ui [3.23.0.v20170411-1844]
[2017-10-17 22:07:25] Installing org.eclipse.mylyn.resources.ui [3.23.0.v20170411-2108]
[2017-10-17 22:07:25] Installing org.eclipse.mylyn.tasks.bugs [3.23.1.v20170623-0008]
[2017-10-17 22:07:25] Installing org.eclipse.mylyn.tasks.core [3.23.1.v20170623-0008]
[2017-10-17 22:07:25] Installing org.eclipse.mylyn.tasks.ide.feature.group [3.23.1.v20170623-0008]
[2017-10-17 22:07:25] Installing org.eclipse.mylyn.tasks.ide.feature.jar [3.23.1.v20170623-0008]
[2017-10-17 22:07:25] Installing org.eclipse.mylyn.tasks.index.core [3.23.1.v20170623-0008]
[2017-10-17 22:07:25] Installing org.eclipse.mylyn.tasks.index.ui [3.23.1.v20170623-0008]
[2017-10-17 22:07:25] Installing org.eclipse.mylyn.tasks.search [3.23.1.v20170623-0008]
[2017-10-17 22:07:25] Installing org.eclipse.mylyn.tasks.ui [3.23.1.v20170623-0008]
[2017-10-17 22:07:25] Installing org.eclipse.mylyn.team.ui [3.23.0.v20170411-2108]
[2017-10-17 22:07:25] Installing org.eclipse.mylyn.team_feature.feature.group [3.23.0.v20170411-2108]
[2017-10-17 22:07:25] Installing org.eclipse.mylyn.team_feature.feature.jar [3.23.0.v20170411-2108]
[2017-10-17 22:07:25] Installing org.eclipse.mylyn.versions.core [1.15.0.v20170411-2003]
[2017-10-17 22:07:25] Installing org.eclipse.mylyn.versions.feature.group [1.15.0.v20170411-2003]
[2017-10-17 22:07:25] Installing org.eclipse.mylyn.versions.feature.jar [1.15.0.v20170411-2003]
[2017-10-17 22:07:25] Installing org.eclipse.mylyn.versions.ui [1.15.0.v20170411-2003]
[2017-10-17 22:07:25] Installing org.eclipse.mylyn.wikitext [3.0.6.20170311142502]
[2017-10-17 22:07:25] Installing org.eclipse.mylyn.wikitext.ant [3.0.6.20170311142502]
[2017-10-17 22:07:25] Installing org.eclipse.mylyn.wikitext.asciidoc [3.0.6.20170311142502]
[2017-10-17 22:07:25] Installing org.eclipse.mylyn.wikitext.asciidoc.ui [3.0.6.201703111926]
[2017-10-17 22:07:25] Installing org.eclipse.mylyn.wikitext.confluence [3.0.6.20170311142502]
[2017-10-17 22:07:25] Installing org.eclipse.mylyn.wikitext.confluence.ui [3.0.6.201703111926]
[2017-10-17 22:07:25] Installing org.eclipse.mylyn.wikitext.context.ui [3.0.6.201703111926]
[2017-10-17 22:07:25] Installing org.eclipse.mylyn.wikitext.editors_feature.feature.group [3.0.6.201703111926]
[2017-10-17 22:07:25] Installing org.eclipse.mylyn.wikitext.editors_feature.feature.jar [3.0.6.201703111926]
[2017-10-17 22:07:25] Installing org.eclipse.mylyn.wikitext.help.ui [3.0.6.201703111926]
[2017-10-17 22:07:25] Installing org.eclipse.mylyn.wikitext.html [3.0.6.20170311142502]
[2017-10-17 22:07:25] Installing org.eclipse.mylyn.wikitext.markdown [3.0.6.20170311142502]
[2017-10-17 22:07:25] Installing org.eclipse.mylyn.wikitext.markdown.ui [3.0.6.201703111926]
[2017-10-17 22:07:25] Installing org.eclipse.mylyn.wikitext.mediawiki [3.0.6.20170311142502]
[2017-10-17 22:07:25] Installing org.eclipse.mylyn.wikitext.mediawiki.ui [3.0.6.201703111926]
[2017-10-17 22:07:25] Installing org.eclipse.mylyn.wikitext.osgi [3.0.6.201703111926]
[2017-10-17 22:07:25] Installing org.eclipse.mylyn.wikitext.tasks.ui [3.0.6.201703111926]
[2017-10-17 22:07:25] Installing org.eclipse.mylyn.wikitext.textile [3.0.6.20170311142502]
[2017-10-17 22:07:25] Installing org.eclipse.mylyn.wikitext.textile.ui [3.0.6.201703111926]
[2017-10-17 22:07:25] Installing org.eclipse.mylyn.wikitext.tracwiki [3.0.6.20170311142502]
[2017-10-17 22:07:25] Installing org.eclipse.mylyn.wikitext.tracwiki.ui [3.0.6.201703111926]
[2017-10-17 22:07:25] Installing org.eclipse.mylyn.wikitext.twiki [3.0.6.20170311142502]
[2017-10-17 22:07:25] Installing org.eclipse.mylyn.wikitext.twiki.ui [3.0.6.201703111926]
[2017-10-17 22:07:25] Installing org.eclipse.mylyn.wikitext.ui [3.0.6.201703111926]
[2017-10-17 22:07:25] Installing org.eclipse.mylyn.wikitext_feature.feature.group [3.0.6.201703111926]
[2017-10-17 22:07:25] Installing org.eclipse.mylyn.wikitext_feature.feature.jar [3.0.6.201703111926]
[2017-10-17 22:07:25] Installing org.eclipse.mylyn_feature.feature.group [3.23.1.v20170623-0008]
[2017-10-17 22:07:25] Installing org.eclipse.mylyn_feature.feature.jar [3.23.1.v20170623-0008]
[2017-10-17 22:07:25] Installing org.eclipse.nebula.widgets.tablecombo [1.0.0.201707111605]
[2017-10-17 22:07:25] Installing org.eclipse.oomph.base [1.8.0.v20170318-0624]
[2017-10-17 22:07:25] Installing org.eclipse.oomph.base.edit [1.8.0.v20170318-0624]
[2017-10-17 22:07:25] Installing org.eclipse.oomph.extractor.lib [1.3.0.v20161116-0647]
[2017-10-17 22:07:25] Installing org.eclipse.oomph.jreinfo [1.8.0.v20170318-0624]
[2017-10-17 22:07:25] Installing org.eclipse.oomph.jreinfo.ui [1.8.0.v20170327-1117]
[2017-10-17 22:07:25] Installing org.eclipse.oomph.p2 [1.8.0.v20170318-0419]
[2017-10-17 22:07:25] Installing org.eclipse.oomph.p2.core [1.8.0.v20170410-0909]
[2017-10-17 22:07:25] Installing org.eclipse.oomph.p2.doc [1.8.0.v20170318-0419]
[2017-10-17 22:07:25] Installing org.eclipse.oomph.p2.edit [1.8.0.v20170318-0419]
[2017-10-17 22:07:25] Installing org.eclipse.oomph.p2.feature.group [1.8.0.v20170410-0909]
[2017-10-17 22:07:25] Installing org.eclipse.oomph.p2.feature.jar [1.8.0.v20170410-0909]
[2017-10-17 22:07:25] Installing org.eclipse.oomph.p2.ui [1.8.0.v20170327-1117]
[2017-10-17 22:07:25] Installing org.eclipse.oomph.predicates [1.8.0.v20170327-1117]
[2017-10-17 22:07:25] Installing org.eclipse.oomph.predicates.edit [1.8.0.v20170318-0419]
[2017-10-17 22:07:25] Installing org.eclipse.oomph.preferences [1.8.0.v20170318-0419]
[2017-10-17 22:07:25] Installing org.eclipse.oomph.resources [1.8.0.v20170318-0419]
[2017-10-17 22:07:25] Installing org.eclipse.oomph.resources.edit [1.8.0.v20170318-0419]
[2017-10-17 22:07:25] Installing org.eclipse.oomph.setup [1.8.0.v20170408-0745]
[2017-10-17 22:07:25] Installing org.eclipse.oomph.setup.core [1.8.0.v20170531-0903]
[2017-10-17 22:07:25] Installing org.eclipse.oomph.setup.core.feature.group [1.8.0.v20170531-0903]
[2017-10-17 22:07:25] Installing org.eclipse.oomph.setup.core.feature.jar [1.8.0.v20170531-0903]
[2017-10-17 22:07:25] Installing org.eclipse.oomph.setup.doc [1.9.0.v20170706-0615]
[2017-10-17 22:07:25] Installing org.eclipse.oomph.setup.edit [1.8.0.v20170318-0419]
[2017-10-17 22:07:25] Installing org.eclipse.oomph.setup.editor [1.8.0.v20170327-1117]
[2017-10-17 22:07:25] Installing org.eclipse.oomph.setup.feature.group [1.9.0.v20170706-0615]
[2017-10-17 22:07:25] Installing org.eclipse.oomph.setup.feature.jar [1.9.0.v20170706-0615]
[2017-10-17 22:07:25] Installing org.eclipse.oomph.setup.p2 [1.8.0.v20170318-0419]
[2017-10-17 22:07:25] Installing org.eclipse.oomph.setup.p2.edit [1.8.0.v20170318-0419]
[2017-10-17 22:07:25] Installing org.eclipse.oomph.setup.sync [1.8.0.v20170530-1735]
[2017-10-17 22:07:25] Installing org.eclipse.oomph.setup.ui [1.8.0.v20170530-1735]
[2017-10-17 22:07:25] Installing org.eclipse.oomph.setup.ui.questionnaire [1.8.0.v20170318-0419]
[2017-10-17 22:07:25] Installing org.eclipse.oomph.ui [1.8.0.v20170327-1117]
[2017-10-17 22:07:25] Installing org.eclipse.oomph.util [1.8.0.v20170706-0534]
[2017-10-17 22:07:25] Installing org.eclipse.oomph.workingsets [1.8.0.v20170318-0419]
[2017-10-17 22:07:25] Installing org.eclipse.oomph.workingsets.edit [1.8.0.v20170318-0419]
[2017-10-17 22:07:25] Installing org.eclipse.oomph.workingsets.editor [1.8.0.v20170327-1117]
[2017-10-17 22:07:25] Installing org.eclipse.osgi [3.12.50.v20170928-1321]
[2017-10-17 22:07:25] Installing org.eclipse.osgi.compatibility.state [1.1.0.v20170516-1513]
[2017-10-17 22:07:25] Installing org.eclipse.osgi.services [3.6.0.v20170228-1906]
[2017-10-17 22:07:25] Installing org.eclipse.osgi.util [3.4.0.v20170111-1608]
[2017-10-17 22:07:25] Installing org.eclipse.platform [4.7.1.v20171009-0410]
[2017-10-17 22:07:25] Installing org.eclipse.platform.doc.user [4.7.1.v20170630-0820]
[2017-10-17 22:07:25] Installing org.eclipse.platform.feature.group [4.7.1.v20171009-0410]
[2017-10-17 22:07:25] Installing org.eclipse.platform.feature.jar [4.7.1.v20171009-0410]
[2017-10-17 22:07:25] Installing org.eclipse.platform.ide [4.7.1.M20171009-0410]
[2017-10-17 22:07:25] Installing org.eclipse.platform.ide.executable.cocoa.macosx.x86_64 [4.7.1.M20171009-0410]
[2017-10-17 22:07:25] Installing org.eclipse.platform.ide.executable.cocoa.macosx.x86_64.eclipse [4.7.1.M20171009-0410]
[2017-10-17 22:07:25] Installing org.eclipse.platform_root [4.7.1.v20171009-0410]
[2017-10-17 22:07:25] Installing org.eclipse.rcp [4.7.1.v20171009-0410]
[2017-10-17 22:07:25] Installing org.eclipse.rcp.feature.group [4.7.1.v20171009-0410]
[2017-10-17 22:07:25] Installing org.eclipse.rcp.feature.jar [4.7.1.v20171009-0410]
[2017-10-17 22:07:25] Installing org.eclipse.rcp_root [4.7.1.v20171009-0410]
[2017-10-17 22:07:25] Installing org.eclipse.recommenders.apidocs [2.4.10.v20170911-1410]
[2017-10-17 22:07:25] Installing org.eclipse.recommenders.apidocs.rcp [2.4.10.v20170911-1410]
[2017-10-17 22:07:25] Installing org.eclipse.recommenders.calls [2.4.10.v20170911-1410]
[2017-10-17 22:07:25] Installing org.eclipse.recommenders.calls.rcp [2.4.10.v20170911-1410]
[2017-10-17 22:07:25] Installing org.eclipse.recommenders.chain.rcp [2.4.10.v20170911-1410]
[2017-10-17 22:07:25] Installing org.eclipse.recommenders.completion.rcp [2.4.10.v20170911-1410]
[2017-10-17 22:07:25] Installing org.eclipse.recommenders.constructors [2.4.10.v20170911-1410]
[2017-10-17 22:07:25] Installing org.eclipse.recommenders.constructors.rcp [2.4.10.v20170911-1410]
[2017-10-17 22:07:25] Installing org.eclipse.recommenders.coordinates [2.4.10.v20170911-1410]
[2017-10-17 22:07:25] Installing org.eclipse.recommenders.coordinates.rcp [2.4.10.v20170911-1410]
[2017-10-17 22:07:25] Installing org.eclipse.recommenders.injection [2.4.10.v20170911-1410]
[2017-10-17 22:07:25] Installing org.eclipse.recommenders.jayes [2.4.10.v20170911-1410]
[2017-10-17 22:07:25] Installing org.eclipse.recommenders.jayes.io [2.4.10.v20170911-1410]
[2017-10-17 22:07:25] Installing org.eclipse.recommenders.jdt [2.4.10.v20170911-1410]
[2017-10-17 22:07:25] Installing org.eclipse.recommenders.models [2.4.10.v20170911-1410]
[2017-10-17 22:07:25] Installing org.eclipse.recommenders.models.rcp [2.4.10.v20170911-1410]
[2017-10-17 22:07:25] Installing org.eclipse.recommenders.mylyn.rcp [2.4.10.v20170911-1410]
[2017-10-17 22:07:25] Installing org.eclipse.recommenders.mylyn.rcp.feature.feature.group [2.4.10.v20170911-1410]
[2017-10-17 22:07:25] Installing org.eclipse.recommenders.mylyn.rcp.feature.feature.jar [2.4.10.v20170911-1410]
[2017-10-17 22:07:25] Installing org.eclipse.recommenders.net [2.4.10.v20170911-1410]
[2017-10-17 22:07:25] Installing org.eclipse.recommenders.overrides [2.4.10.v20170911-1410]
[2017-10-17 22:07:25] Installing org.eclipse.recommenders.overrides.rcp [2.4.10.v20170911-1410]
[2017-10-17 22:07:25] Installing org.eclipse.recommenders.rcp [2.4.10.v20170911-1410]
[2017-10-17 22:07:25] Installing org.eclipse.recommenders.rcp.feature.feature.group [2.4.10.v20170911-1410]
[2017-10-17 22:07:25] Installing org.eclipse.recommenders.rcp.feature.feature.jar [2.4.10.v20170911-1410]
[2017-10-17 22:07:25] Installing org.eclipse.recommenders.snipmatch [2.4.10.v20170911-1410]
[2017-10-17 22:07:25] Installing org.eclipse.recommenders.snipmatch.rcp [2.4.10.v20170911-1410]
[2017-10-17 22:07:25] Installing org.eclipse.recommenders.snipmatch.rcp.feature.feature.group [2.4.10.v20170911-1410]
[2017-10-17 22:07:25] Installing org.eclipse.recommenders.snipmatch.rcp.feature.feature.jar [2.4.10.v20170911-1410]
[2017-10-17 22:07:25] Installing org.eclipse.recommenders.subwords.rcp [2.4.10.v20170911-1410]
[2017-10-17 22:07:25] Installing org.eclipse.recommenders.types.rcp [2.4.10.v20170911-1410]
[2017-10-17 22:07:25] Installing org.eclipse.recommenders.utils [2.4.10.v20170911-1410]
[2017-10-17 22:07:25] Installing org.eclipse.recommenders.utils.rcp [2.4.10.v20170911-1410]
[2017-10-17 22:07:25] Installing org.eclipse.search [3.11.100.v20170515-1603]
[2017-10-17 22:07:25] Installing org.eclipse.swt [3.106.1.v20170926-0519]
[2017-10-17 22:07:25] Installing org.eclipse.swt.cocoa.macosx.x86_64 [3.106.1.v20170926-0519]
[2017-10-17 22:07:25] Installing org.eclipse.team.core [3.8.100.v20170516-0820]
[2017-10-17 22:07:25] Installing org.eclipse.team.genericeditor.diff.extension [1.0.1.v20170809-1356]
[2017-10-17 22:07:25] Installing org.eclipse.team.ui [3.8.1.v20170515-1133]
[2017-10-17 22:07:25] Installing org.eclipse.text [3.6.100.v20170203-0814]
[2017-10-17 22:07:25] Installing org.eclipse.ui [3.109.0.v20170411-1742]
[2017-10-17 22:07:25] Installing org.eclipse.ui.browser [3.6.100.v20170418-1342]
[2017-10-17 22:07:25] Installing org.eclipse.ui.cheatsheets [3.5.100.v20170515-0748]
[2017-10-17 22:07:25] Installing org.eclipse.ui.cocoa [1.1.100.v20151202-1450]
[2017-10-17 22:07:25] Installing org.eclipse.ui.console [3.7.1.v20170728-0806]
[2017-10-17 22:07:25] Installing org.eclipse.ui.editors [3.11.0.v20170202-1823]
[2017-10-17 22:07:25] Installing org.eclipse.ui.externaltools [3.4.0.v20161212-0515]
[2017-10-17 22:07:25] Installing org.eclipse.ui.forms [3.7.101.v20170815-1446]
[2017-10-17 22:07:25] Installing org.eclipse.ui.genericeditor [1.0.1.v20170822-2211]
[2017-10-17 22:07:25] Installing org.eclipse.ui.ide [3.13.1.v20170822-1526]
[2017-10-17 22:07:25] Installing org.eclipse.ui.ide.application [1.2.0.v20170512-1452]
[2017-10-17 22:07:25] Installing org.eclipse.ui.intro [3.5.100.v20170418-0710]
[2017-10-17 22:07:25] Installing org.eclipse.ui.intro.quicklinks [1.0.100.v20170515-0756]
[2017-10-17 22:07:25] Installing org.eclipse.ui.intro.universal [3.3.100.v20170515-1335]
[2017-10-17 22:07:25] Installing org.eclipse.ui.monitoring [1.1.100.v20170131-1736]
[2017-10-17 22:07:25] Installing org.eclipse.ui.navigator [3.7.0.v20170418-1342]
[2017-10-17 22:07:25] Installing org.eclipse.ui.navigator.resources [3.6.1.v20170823-1443]
[2017-10-17 22:07:25] Installing org.eclipse.ui.net [1.3.100.v20170516-0820]
[2017-10-17 22:07:25] Installing org.eclipse.ui.themes [1.2.1.v20170809-1435]
[2017-10-17 22:07:25] Installing org.eclipse.ui.views [3.9.0.v20170226-1833]
[2017-10-17 22:07:25] Installing org.eclipse.ui.views.log [1.2.100.v20170515-1458]
[2017-10-17 22:07:25] Installing org.eclipse.ui.views.properties.tabbed [3.8.1.v20170713-0803]
[2017-10-17 22:07:25] Installing org.eclipse.ui.workbench [3.110.1.v20170704-1208]
[2017-10-17 22:07:25] Installing org.eclipse.ui.workbench.texteditor [3.10.100.v20170426-2021]
[2017-10-17 22:07:25] Installing org.eclipse.update.configurator [3.3.400.v20160506-0750]
[2017-10-17 22:07:25] Installing org.eclipse.userstorage [1.1.0.v20170328-0205]
[2017-10-17 22:07:25] Installing org.eclipse.userstorage.feature.group [1.1.0.v20170526-1605]
[2017-10-17 22:07:25] Installing org.eclipse.userstorage.feature.jar [1.1.0.v20170526-1605]
[2017-10-17 22:07:25] Installing org.eclipse.userstorage.oauth [1.0.0.v20170526-1605]
[2017-10-17 22:07:25] Installing org.eclipse.userstorage.ui [1.0.2.v20170526-1605]
[2017-10-17 22:07:25] Installing org.eclipse.wst.common.core [1.2.0.v200908251833]
[2017-10-17 22:07:25] Installing org.eclipse.wst.common.emf [1.2.500.v201701191735]
[2017-10-17 22:07:25] Installing org.eclipse.wst.common.emfworkbench.integration [1.2.101.v201107081800]
[2017-10-17 22:07:25] Installing org.eclipse.wst.common.environment [1.0.400.v200912181831]
[2017-10-17 22:07:25] Installing org.eclipse.wst.common.frameworks [1.2.201.v201707201954]
[2017-10-17 22:07:25] Installing org.eclipse.wst.common.frameworks.ui [1.2.400.v201504292002]
[2017-10-17 22:07:25] Installing org.eclipse.wst.common.infopop [1.0.300.v201309101952]
[2017-10-17 22:07:25] Installing org.eclipse.wst.common.modulecore [1.3.0.v201705041406]
[2017-10-17 22:07:25] Installing org.eclipse.wst.common.modulecore.ui [1.0.301.v201707201954]
[2017-10-17 22:07:25] Installing org.eclipse.wst.common.project.facet.core [1.4.300.v201111030423]
[2017-10-17 22:07:25] Installing org.eclipse.wst.common.snippets [1.2.300.v201705162046]
[2017-10-17 22:07:25] Installing org.eclipse.wst.common.ui [1.1.500.v200911182011]
[2017-10-17 22:07:25] Installing org.eclipse.wst.common.uriresolver [1.2.300.v201702270556]
[2017-10-17 22:07:25] Installing org.eclipse.wst.common_core.feature.feature.group [3.9.1.v201707201954]
[2017-10-17 22:07:25] Installing org.eclipse.wst.common_core.feature.feature.jar [3.9.1.v201707201954]
[2017-10-17 22:07:25] Installing org.eclipse.wst.common_ui.feature.feature.group [3.9.1.v201707201954]
[2017-10-17 22:07:25] Installing org.eclipse.wst.common_ui.feature.feature.jar [3.9.1.v201707201954]
[2017-10-17 22:07:25] Installing org.eclipse.wst.dtd.core [1.1.700.v201211012112]
[2017-10-17 22:07:25] Installing org.eclipse.wst.dtd.ui [1.0.801.v201308100602]
[2017-10-17 22:07:25] Installing org.eclipse.wst.dtd.ui.infopop [1.0.400.v201707252002]
[2017-10-17 22:07:25] Installing org.eclipse.wst.dtdeditor.doc.user [1.0.700.v201208081537]
[2017-10-17 22:07:25] Installing org.eclipse.wst.internet.cache [1.0.800.v201702270716]
[2017-10-17 22:07:25] Installing org.eclipse.wst.sse.core [1.1.1001.v201707042225]
[2017-10-17 22:07:25] Installing org.eclipse.wst.sse.doc.user [1.1.100.v201208081537]
[2017-10-17 22:07:25] Installing org.eclipse.wst.sse.ui [1.3.600.v201707042340]
[2017-10-17 22:07:25] Installing org.eclipse.wst.sse.ui.infopop [1.0.300.v201707252002]
[2017-10-17 22:07:25] Installing org.eclipse.wst.standard.schemas [1.0.800.v201706011851]
[2017-10-17 22:07:25] Installing org.eclipse.wst.validation [1.2.701.v201707142105]
[2017-10-17 22:07:25] Installing org.eclipse.wst.validation.infopop [1.0.300.v201309101952]
[2017-10-17 22:07:25] Installing org.eclipse.wst.validation.ui [1.2.501.v201707142105]
[2017-10-17 22:07:25] Installing org.eclipse.wst.xml.core [1.1.1100.v201705012045]
[2017-10-17 22:07:25] Installing org.eclipse.wst.xml.ui [1.1.800.v201704102213]
[2017-10-17 22:07:25] Installing org.eclipse.wst.xml.ui.infopop [1.0.400.v201707252002]
[2017-10-17 22:07:25] Installing org.eclipse.wst.xml_core.feature.feature.group [3.9.1.v201707042225]
[2017-10-17 22:07:25] Installing org.eclipse.wst.xml_core.feature.feature.jar [3.9.1.v201707042225]
[2017-10-17 22:07:25] Installing org.eclipse.wst.xml_ui.feature.feature.group [3.9.1.v201707252002]
[2017-10-17 22:07:25] Installing org.eclipse.wst.xml_ui.feature.feature.jar [3.9.1.v201707252002]
[2017-10-17 22:07:25] Installing org.eclipse.wst.xml_userdoc.feature.feature.group [3.9.1.v201707252002]
[2017-10-17 22:07:25] Installing org.eclipse.wst.xml_userdoc.feature.feature.jar [3.9.1.v201707252002]
[2017-10-17 22:07:25] Installing org.eclipse.wst.xmleditor.doc.user [1.0.700.v201707252002]
[2017-10-17 22:07:25] Installing org.eclipse.wst.xsd.core [1.1.900.v201401141857]
[2017-10-17 22:07:25] Installing org.eclipse.wst.xsd.ui [1.2.600.v201511240159]
[2017-10-17 22:07:25] Installing org.eclipse.wst.xsdeditor.doc.user [1.0.800.v201707252002]
[2017-10-17 22:07:25] Installing org.eclipse.xsd [2.13.0.v20170609-0928]
[2017-10-17 22:07:25] Installing org.eclipse.xsd.edit [2.8.0.v20170609-0928]
[2017-10-17 22:07:25] Installing org.gradle.toolingapi [3.5.0.v20170801075239]
[2017-10-17 22:07:25] Installing org.hamcrest.core [1.3.0.v201303031735]
[2017-10-17 22:07:25] Installing org.jacoco.agent [0.7.9.v20170208-1730]
[2017-10-17 22:07:25] Installing org.jacoco.core [0.7.9.v20170208-1730]
[2017-10-17 22:07:25] Installing org.jacoco.report [0.7.9.v20170208-1730]
[2017-10-17 22:07:25] Installing org.jsoup [1.7.2.v201411291515]
[2017-10-17 22:07:25] Installing org.junit [4.12.0.v201504281640]
[2017-10-17 22:07:25] Installing org.junit.jupiter.api [5.0.0.v20170910-2246]
[2017-10-17 22:07:25] Installing org.junit.jupiter.engine [5.0.0.v20170910-2246]
[2017-10-17 22:07:25] Installing org.junit.jupiter.migrationsupport [5.0.0.v20170910-2246]
[2017-10-17 22:07:25] Installing org.junit.jupiter.params [5.0.0.v20170910-2246]
[2017-10-17 22:07:25] Installing org.junit.platform.commons [1.0.0.v20170910-2246]
[2017-10-17 22:07:25] Installing org.junit.platform.engine [1.0.0.v20170910-2246]
[2017-10-17 22:07:25] Installing org.junit.platform.launcher [1.0.0.v20170910-2246]
[2017-10-17 22:07:25] Installing org.junit.platform.runner [1.0.0.v20170910-2246]
[2017-10-17 22:07:25] Installing org.junit.platform.suite.api [1.0.0.v20170910-2246]
[2017-10-17 22:07:25] Installing org.junit.vintage.engine [4.12.0.v20170910-2246]
[2017-10-17 22:07:25] Installing org.maven.ide.eclipse [1.8.2.20171007-0217]
[2017-10-17 22:07:25] Installing org.objectweb.asm [5.2.0.v20170126-0011]
[2017-10-17 22:07:25] Installing org.objectweb.asm.commons [5.2.0.v20170126-0011]
[2017-10-17 22:07:25] Installing org.objectweb.asm.tree [5.2.0.v20170126-0011]
[2017-10-17 22:07:25] Installing org.opentest4j [1.0.0.v20170910-2246]
[2017-10-17 22:07:25] Installing org.sat4j.core [2.3.5.v201308161310]
[2017-10-17 22:07:25] Installing org.sat4j.pb [2.3.5.v201404071733]
[2017-10-17 22:07:25] Installing org.slf4j.api [1.7.2.v20121108-1250]
[2017-10-17 22:07:25] Installing org.slf4j.impl.log4j12 [1.7.2.v20131105-2200]
[2017-10-17 22:07:25] Installing org.tukaani.xz [1.5.0.v20170111-1717]
[2017-10-17 22:07:25] Installing org.w3c.css.sac [1.3.1.v200903091627]
[2017-10-17 22:07:25] Installing org.w3c.dom.events [3.0.0.draft20060413_v201105210656]
[2017-10-17 22:07:25] Installing org.w3c.dom.smil [1.0.1.v200903091627]
[2017-10-17 22:07:25] Installing org.w3c.dom.svg [1.1.0.v201011041433]
[2017-10-17 22:07:25] Installing tooling.org.eclipse.update.feature.default [1.0.0]
[2017-10-17 22:07:25] Installing tooling.osgi.bundle.default [1.0.0]
[2017-10-17 22:07:25] Installing tooling.source.default [1.0.0]
[2017-10-17 22:07:25] Installing toolingcocoa.macosx.x86_64org.eclipse.core.runtime [4.7.1.M20171009-0410]
[2017-10-17 22:07:25] Installing toolingcocoa.macosx.x86_64org.eclipse.equinox.common [4.7.1.M20171009-0410]
[2017-10-17 22:07:25] Installing toolingcocoa.macosx.x86_64org.eclipse.equinox.ds [4.7.1.M20171009-0410]
[2017-10-17 22:07:25] Installing toolingcocoa.macosx.x86_64org.eclipse.equinox.event [4.7.1.M20171009-0410]
[2017-10-17 22:07:25] Installing toolingcocoa.macosx.x86_64org.eclipse.equinox.p2.reconciler.dropins [4.7.1.M20171009-0410]
[2017-10-17 22:07:25] Installing toolingcocoa.macosx.x86_64org.eclipse.equinox.simpleconfigurator [4.7.1.M20171009-0410]
[2017-10-17 22:07:25] Installing toolingcocoa.macosx.x86_64org.eclipse.update.configurator [4.7.1.M20171009-0410]
[2017-10-17 22:07:25] Installing toolingepp.package.java.application [4.7.1.20171009-0410]
[2017-10-17 22:07:25] Installing toolingepp.package.java.config.cocoa.macosx.x86_64 [4.7.1.20171009-0410]
[2017-10-17 22:07:25] Installing toolingepp.package.java.configuration [4.7.1.20171009-0410]
[2017-10-17 22:07:25] Installing toolingepp.package.java.executable.cocoa.macosx.x86_64 [4.7.1.20171009-0410]
[2017-10-17 22:07:25] Installing toolingepp.package.java.ini.cocoa.macosx.x86_64 [4.7.1.20171009-0410]
[2017-10-17 22:07:25] Installing toolingorg.eclipse.equinox.launcher [1.4.0.v20161219-1356]
[2017-10-17 22:07:25] Installing toolingorg.eclipse.equinox.launcher.cocoa.macosx.x86_64 [1.1.550.v20170928-1359]
[2017-10-17 22:07:25] Installing toolingorg.eclipse.platform.configuration.macosx [1.0.0]
[2017-10-17 22:07:25] Installing toolingorg.eclipse.platform.ide.application [4.7.1.M20171009-0410]
[2017-10-17 22:07:25] Installing toolingorg.eclipse.platform.ide.config.cocoa.macosx.x86_64 [4.7.1.M20171009-0410]
[2017-10-17 22:07:25] Installing toolingorg.eclipse.platform.ide.configuration [4.7.1.M20171009-0410]
[2017-10-17 22:07:25] Installing toolingorg.eclipse.platform.ide.executable.cocoa.macosx.x86_64 [4.7.1.M20171009-0410]
[2017-10-17 22:07:25] Installing toolingorg.eclipse.platform.ide.ini.cocoa.macosx.x86_64 [4.7.1.M20171009-0410]
[2017-10-17 22:07:25] Preparing to commit the provisioning operation.
[2017-10-17 22:07:26] Committing the provisioning operation.
[2017-10-17 22:07:27] Performing Eclipse Ini --launcher.appendVmargs
[2017-10-17 22:07:27] Performing Eclipse Ini -vm /Library/Java/JavaVirtualMachines/jdk1.8.0_111.jdk/Contents/Home/jre/bin
[2017-10-17 22:07:27] Changing /Users/Yuho/Git/Interview/Eclipse.app/Contents/Eclipse/eclipse.ini (-vm /Library/Java/JavaVirtualMachines/jdk1.8.0_111.jdk/Contents/Home/jre/bin)
[2017-10-17 22:07:27] Performing Eclipse Ini -Declipse.p2.max.threads=10
[2017-10-17 22:07:27] Changing /Users/Yuho/Git/Interview/Eclipse.app/Contents/Eclipse/eclipse.ini (-Declipse.p2.max.threads=10)
[2017-10-17 22:07:27] Performing Eclipse Ini -Doomph.update.url=http://download.eclipse.org/oomph/updates/milestone/latest
[2017-10-17 22:07:27] Changing /Users/Yuho/Git/Interview/Eclipse.app/Contents/Eclipse/eclipse.ini (-Doomph.update.url=http://download.eclipse.org/oomph/updates/milestone/latest)
[2017-10-17 22:07:27] Performing Eclipse Ini -Doomph.redirection.index.redirection=index:/->http://git.eclipse.org/c/oomph/org.eclipse.oomph.git/plain/setups/
[2017-10-17 22:07:27] Changing /Users/Yuho/Git/Interview/Eclipse.app/Contents/Eclipse/eclipse.ini (-Doomph.redirection.index.redirection=index:/->http://git.eclipse.org/c/oomph/org.eclipse.oomph.git/plain/setups/)
[2017-10-17 22:07:27] Performing post bootstrap tasks
[2017-10-17 22:07:27] Changing /Users/Yuho/Git/Interview/Eclipse.app/Contents/Eclipse/configuration/config.ini (osgi.configuration.cascaded=false)
[2017-10-17 22:07:27] 
